<?xml version="1.0" encoding="UTF-8"?>
<!-- Generated by org.testng.reporters.JUnitXMLReporter -->
<testsuite ignored="1" hostname="LAPTOP-CJ5HVDLA" failures="1" tests="1" name="Default test(failed)" time="0.069" errors="0" timestamp="2023-12-26T17:16:53 IST">
  <testcase classname="TestNG_Demo.AsserstioninTestNG" name="hardAssertionTest" time="0.019">
    <failure type="java.lang.AssertionError" message="fail:Strings are not matching expected [selenium webdriver is superb web UI Library] but found [selenium webdriver is web UI Library]">
      <![CDATA[java.lang.AssertionError: fail:Strings are not matching expected [selenium webdriver is superb web UI Library] but found [selenium webdriver is web UI Library]
at TestNG_Demo.AsserstioninTestNG.hardAssertionTest(AsserstioninTestNG.java:14)
at java.base/java.util.ArrayList.forEach(ArrayList.java:1511)
... Removed 32 stack frames]]>
    </failure>
  </testcase> <!-- hardAssertionTest -->
  <testcase classname="TestNG_Demo.AsserstioninTestNG" name="softAssertion" time="0.0">
    <ignored/>
  </testcase> <!-- softAssertion -->
</testsuite> <!-- Default test(failed) -->
