<?xml version="1.0" encoding="UTF-8"?>
<!-- Generated by org.testng.reporters.JUnitXMLReporter -->
<testsuite ignored="0" hostname="LAPTOP-CJ5HVDLA" failures="0" tests="3" name="Test" time="89.106" errors="0" timestamp="2024-01-06T11:42:46 IST">
  <testcase classname="parallel_CrossBrowserTest.ParallelWithMethod" name="chromeTest" time="5.152"/>
  <testcase classname="parallel_CrossBrowserTest.ParallelWithMethod" name="FirefoxTest" time="7.096"/>
  <testcase classname="parallel_CrossBrowserTest.ParallelWithMethod" name="edgeTest" time="89.039"/>
</testsuite> <!-- Test -->
