<?xml version="1.0" encoding="UTF-8"?>
<testng-results ignored="0" total="1" passed="1" failed="0" skipped="0">
  <reporter-output>
  </reporter-output>
  <suite started-at="2024-01-07T08:17:13 IST" name="Default suite" finished-at="2024-01-07T08:17:14 IST" duration-ms="901">
    <groups>
    </groups>
    <test started-at="2024-01-07T08:17:13 IST" name="Default test" finished-at="2024-01-07T08:17:14 IST" duration-ms="901">
      <class name="datadrivenFramework.ExtenetReportDemo">
        <test-method signature="reportTest()[pri:0, instance:datadrivenFramework.ExtenetReportDemo@52e6fdee]" started-at="2024-01-07T08:17:13 IST" name="reportTest" finished-at="2024-01-07T08:17:14 IST" duration-ms="834" status="PASS">
          <reporter-output>
          </reporter-output>
        </test-method> <!-- reportTest -->
      </class> <!-- datadrivenFramework.ExtenetReportDemo -->
    </test> <!-- Default test -->
  </suite> <!-- Default suite -->
</testng-results>
